warning: unused imports: `mpsc` and `oneshot`
  --> crates/daq-core/src/core.rs:35:30
   |
35 | use tokio::sync::{broadcast, mpsc, oneshot};
   |                              ^^^^  ^^^^^^^
   |
   = note: `#[warn(unused_imports)]` on by default

warning: use of deprecated struct `core::DataPoint`: Use Measurement enum instead
   --> crates/daq-core/src/core.rs:754:12
    |
754 |     Scalar(DataPoint),
    |            ^^^^^^^^^
    |
    = note: `#[warn(deprecated)]` on by default

warning: use of deprecated struct `core::DataPoint`: Use Measurement enum instead
   --> crates/daq-core/src/core.rs:754:12
    |
754 |     Scalar(DataPoint),
    |            ^^^^^^^^^

warning: use of deprecated field `core::DataPoint::timestamp`: Use Measurement enum instead
   --> crates/daq-core/src/core.rs:765:33
    |
765 |             Data::Scalar(dp) => dp.timestamp,
    |                                 ^^^^^^^^^^^^

warning: use of deprecated field `core::DataPoint::channel`: Use Measurement enum instead
   --> crates/daq-core/src/core.rs:774:34
    |
774 |             Data::Scalar(dp) => &dp.channel,
    |                                  ^^^^^^^^^^

warning: use of deprecated field `core::DataPoint::unit`: Use Measurement enum instead
   --> crates/daq-core/src/core.rs:783:34
    |
783 |             Data::Scalar(dp) => &dp.unit,
    |                                  ^^^^^^^

warning: use of deprecated field `core::DataPoint::metadata`: Use Measurement enum instead
   --> crates/daq-core/src/core.rs:792:33
    |
792 |             Data::Scalar(dp) => dp.metadata.as_ref(),
    |                                 ^^^^^^^^^^^

warning: `daq-core` (lib) generated 7 warnings (run `cargo fix --lib -p daq-core` to apply 1 suggestion)
    Checking rust_daq v0.1.0 (/Users/briansquires/code/rust-daq/crates/rust-daq)
warning: unused import: `std::borrow`
  --> crates/rust-daq/src/lib.rs:41:5
   |
41 | use std::borrow;
   |     ^^^^^^^^^^^
   |
   = note: `#[warn(unused_imports)]` on by default

warning: unused import: `async_trait::async_trait`
  --> crates/rust-daq/src/measurement/mod.rs:41:5
   |
41 | use async_trait::async_trait;
   |     ^^^^^^^^^^^^^^^^^^^^^^^^

warning: unused variable: `addr`
   --> crates/rust-daq/src/gui/backend.rs:171:13
    |
171 |         let addr = if address.starts_with("http") {
    |             ^^^^ help: if this is intentional, prefix it with an underscore: `_addr`
    |
    = note: `#[warn(unused_variables)]` on by default

error[E0599]: the method `list_devices` exists for mutable reference `&mut HardwareServiceClient<Client>`, but its trait bounds were not satisfied
   --> crates/rust-daq/src/gui/backend.rs:250:14
    |
249 |           match client
    |  _______________-
250 | |             .list_devices(ListDevicesRequest {
    | |             -^^^^^^^^^^^^ method cannot be called on `&mut HardwareServiceClient<Client>` due to unsatisfied trait bounds
    | |_____________|
    |
    |
   ::: /Users/briansquires/.cargo/registry/src/index.crates.io-1949cf8c6b5b557f/tonic-web-wasm-client-0.5.1/src/client.rs:15:1
    |
15  |   pub struct Client {
    |   ----------------- doesn't satisfy `_: Service<Request<UnsyncBoxBody<Bytes, Status>>>`
    |
    = note: the following trait bounds were not satisfied:
            `Client: Service<request::Request<http_body::combinators::box_body::UnsyncBoxBody<prost::bytes::Bytes, tonic::Status>>>`

error[E0599]: the method `read_value` exists for mutable reference `&mut HardwareServiceClient<Client>`, but its trait bounds were not satisfied
   --> crates/rust-daq/src/gui/backend.rs:305:14
    |
304 |           match client
    |  _______________-
305 | |             .read_value(ReadValueRequest {
    | |             -^^^^^^^^^^ method cannot be called on `&mut HardwareServiceClient<Client>` due to unsatisfied trait bounds
    | |_____________|
    |
    |
   ::: /Users/briansquires/.cargo/registry/src/index.crates.io-1949cf8c6b5b557f/tonic-web-wasm-client-0.5.1/src/client.rs:15:1
    |
15  |   pub struct Client {
    |   ----------------- doesn't satisfy `_: Service<Request<UnsyncBoxBody<Bytes, Status>>>`
    |
    = note: the following trait bounds were not satisfied:
            `Client: Service<request::Request<http_body::combinators::box_body::UnsyncBoxBody<prost::bytes::Bytes, tonic::Status>>>`

error[E0599]: the method `move_absolute` exists for mutable reference `&mut HardwareServiceClient<Client>`, but its trait bounds were not satisfied
   --> crates/rust-daq/src/gui/backend.rs:345:14
    |
344 |           match client
    |  _______________-
345 | |             .move_absolute(MoveRequest {
    | |_____________-^^^^^^^^^^^^^
    |
   ::: /Users/briansquires/.cargo/registry/src/index.crates.io-1949cf8c6b5b557f/tonic-web-wasm-client-0.5.1/src/client.rs:15:1
    |
15  |   pub struct Client {
    |   ----------------- doesn't satisfy `_: Service<Request<UnsyncBoxBody<Bytes, Status>>>`
    |
    = note: the following trait bounds were not satisfied:
            `Client: Service<request::Request<http_body::combinators::box_body::UnsyncBoxBody<prost::bytes::Bytes, tonic::Status>>>`
    = help: items from traits can only be used if the trait is implemented and in scope
    = note: the following trait defines an item `move_absolute`, perhaps you need to implement it:
            candidate #1: `Stage`

error[E0599]: the method `move_relative` exists for mutable reference `&mut HardwareServiceClient<Client>`, but its trait bounds were not satisfied
   --> crates/rust-daq/src/gui/backend.rs:382:14
    |
381 |           match client
    |  _______________-
382 | |             .move_relative(MoveRequest {
    | |             -^^^^^^^^^^^^^ method cannot be called on `&mut HardwareServiceClient<Client>` due to unsatisfied trait bounds
    | |_____________|
    |
    |
   ::: /Users/briansquires/.cargo/registry/src/index.crates.io-1949cf8c6b5b557f/tonic-web-wasm-client-0.5.1/src/client.rs:15:1
    |
15  |   pub struct Client {
    |   ----------------- doesn't satisfy `_: Service<Request<UnsyncBoxBody<Bytes, Status>>>`
    |
    = note: the following trait bounds were not satisfied:
            `Client: Service<request::Request<http_body::combinators::box_body::UnsyncBoxBody<prost::bytes::Bytes, tonic::Status>>>`
    = help: items from traits can only be used if the trait is implemented and in scope
    = note: the following trait defines an item `move_relative`, perhaps you need to implement it:
            candidate #1: `Stage`

error[E0599]: the method `set_parameter` exists for mutable reference `&mut HardwareServiceClient<Client>`, but its trait bounds were not satisfied
   --> crates/rust-daq/src/gui/backend.rs:419:14
    |
418 |           match client
    |  _______________-
419 | |             .set_parameter(SetParameterRequest {
    | |             -^^^^^^^^^^^^^ method cannot be called on `&mut HardwareServiceClient<Client>` due to unsatisfied trait bounds
    | |_____________|
    |
    |
   ::: /Users/briansquires/.cargo/registry/src/index.crates.io-1949cf8c6b5b557f/tonic-web-wasm-client-0.5.1/src/client.rs:15:1
    |
15  |   pub struct Client {
    |   ----------------- doesn't satisfy `_: Service<Request<UnsyncBoxBody<Bytes, Status>>>`
    |
    = note: the following trait bounds were not satisfied:
            `Client: Service<request::Request<http_body::combinators::box_body::UnsyncBoxBody<prost::bytes::Bytes, tonic::Status>>>`

error[E0599]: the method `list_parameters` exists for mutable reference `&mut HardwareServiceClient<Client>`, but its trait bounds were not satisfied
   --> crates/rust-daq/src/gui/backend.rs:455:14
    |
454 |           match client
    |  _______________-
455 | |             .list_parameters(ListParametersRequest {
    | |             -^^^^^^^^^^^^^^^ method cannot be called on `&mut HardwareServiceClient<Client>` due to unsatisfied trait bounds
    | |_____________|
    |
    |
   ::: /Users/briansquires/.cargo/registry/src/index.crates.io-1949cf8c6b5b557f/tonic-web-wasm-client-0.5.1/src/client.rs:15:1
    |
15  |   pub struct Client {
    |   ----------------- doesn't satisfy `_: Service<Request<UnsyncBoxBody<Bytes, Status>>>`
    |
    = note: the following trait bounds were not satisfied:
            `Client: Service<request::Request<http_body::combinators::box_body::UnsyncBoxBody<prost::bytes::Bytes, tonic::Status>>>`

error[E0599]: the method `subscribe_device_state` exists for struct `HardwareServiceClient<Client>`, but its trait bounds were not satisfied
    --> crates/rust-daq/src/gui/backend.rs:522:30
     |
522  |                 match client.subscribe_device_state(request).await {
     |                              ^^^^^^^^^^^^^^^^^^^^^^ method cannot be called on `HardwareServiceClient<Client>` due to unsatisfied trait bounds
     |
    ::: /Users/briansquires/.cargo/registry/src/index.crates.io-1949cf8c6b5b557f/tonic-web-wasm-client-0.5.1/src/client.rs:15:1
     |
15   | pub struct Client {
     | ----------------- doesn't satisfy `_: Service<Request<UnsyncBoxBody<Bytes, Status>>>`
     |
    ::: /Users/briansquires/code/rust-daq/target/wasm32-unknown-unknown/debug/build/rust_daq-d69e5f73eeee7e5c/out/daq.rs:3884:5
     |
3884 |     pub struct HardwareServiceClient<T> {
     |     ----------------------------------- method `subscribe_device_state` not found for this struct
     |
     = note: the following trait bounds were not satisfied:
             `Client: Service<request::Request<http_body::combinators::box_body::UnsyncBoxBody<prost::bytes::Bytes, tonic::Status>>>`

warning: unused variable: `task`
   --> crates/rust-daq/src/gui/backend.rs:608:21
    |
608 |         if let Some(task) = self.state_stream_task.take() {
    |                     ^^^^ help: if this is intentional, prefix it with an underscore: `_task`

warning: use of deprecated method `eframe::egui::Slider::<'a>::clamp_to_range`: Use `slider.clamping(â€¦) instead
   --> crates/rust-daq/src/gui/widgets.rs:131:18
    |
131 |                 .clamp_to_range(true),
    |                  ^^^^^^^^^^^^^^
    |
    = note: `#[warn(deprecated)]` on by default

For more information about this error, try `rustc --explain E0599`.
warning: `rust_daq` (lib) generated 5 warnings
error: could not compile `rust_daq` (lib) due to 7 previous errors; 5 warnings emitted
